   0  $accept : %entry% $end

   1  program : tdecls lexprs EOF

   2  tdecls :
   3         | tdecls tdecl

   4  tdecl : TYPE NAME ASSIGN type_expr

   5  type_expr : INT
   6            | BOOL
   7            | FLOAT
   8            | STRING
   9            | VOID
  10            | adt_opt
  11            | LBRACE struct_decl_body RBRACE
  12            | type_expr LIST
  13            | type_expr STAR type_expr
  14            | type_expr ARROW type_expr
  15            | type_expr GROUP
  16            | type_expr RING
  17            | type_expr FIELD
  18            | type_expr POLY
  19            | LPAREN type_expr RPAREN

  20  adt_opt : adt_type_expr
  21          | adt_type_expr BAR adt_type_expr

  22  adt_type_expr : NAME
  23                | NAME OF type_name

  24  struct_decl_body : NAME COLON type_name
  25                   | NAME COLON type_name COMMA struct_decl_body

  26  type_name : INT
  27            | BOOL
  28            | FLOAT
  29            | STRING
  30            | NAME
  31            | type_name LIST
  32            | type_name STAR type_name
  33            | type_name ARROW type_name
  34            | type_name GROUP
  35            | type_name RING
  36            | type_name FIELD
  37            | type_name POLY

  38  lexprs : LET letand_opt lexprs
  39         | lexpr

  40  lexpr : LET letand_opt IN expr

  41  letand_opt : type_name NAME ASSIGN expr
  42             | type_name NAME ASSIGN expr LAND letand_opt

  43  expr : lexpr
  44       | LITERAL
  45       | FLIT
  46       | BLIT
  47       | STRINGLIT
  48       | LPAREN expr COMMA expr RPAREN
  49       | LBRACKET inside_list RBRACKET
  50       | NAME
  51       | expr binop expr
  52       | MINUS expr
  53       | NOT expr
  54       | FUNCTION fn_def
  55       | expr expr
  56       | IF expr THEN expr ELSE expr END
  57       | GROUP LBRACE type_name expr expr expr expr RBRACE
  58       | RING LBRACE type_name expr expr expr expr expr expr RBRACE
  59       | FIELD LBRACE type_name expr expr expr expr expr expr expr RBRACE
  60       | LBRACE struct_init_body RBRACE
  61       | NAME DOT NAME
  62       | PRINT expr
  63       | target_conc
  64       | LPAREN expr RPAREN

  65  fn_def : formals expr
  66         | formals MATCH formals WITH match_rule END

  67  formals : LPAREN formals_opt RPAREN

  68  formals_opt :
  69              | formal_list

  70  formal_list : NAME
  71              | formal_list NAME

  72  match_rule : match_line
  73             | match_line match_rule

  74  match_line : BAR LPAREN pattern RPAREN ARROW expr

  75  pattern : target_wild
  76          | target_wild COMMA pattern

  77  target_wild : ADTNAME
  78              | literal
  79              | ADTNAME LPAREN target_wild RPAREN
  80              | UNDERSCORE

  81  literal : LITERAL
  82          | FLIT
  83          | BLIT
  84          | STRINGLIT
  85          | LPAREN literal COMMA literal RPAREN
  86          | LBRACKET inside_lit_list RBRACKET

  87  inside_lit_list :
  88                  | literal COMMA inside_lit_list

  89  target_conc : ADTNAME
  90              | ADTNAME LPAREN target_conc RPAREN
  91              | ADTNAME LPAREN expr RPAREN

  92  struct_init_body : NAME ASSIGN expr
  93                   | NAME ASSIGN expr COMMA struct_init_body

  94  inside_list :
  95              | expr COMMA inside_list

  96  binop : PLUS
  97        | MINUS
  98        | STAR
  99        | DIVIDE
 100        | EQ
 101        | NEQ
 102        | LT
 103        | GT
 104        | LEQ
 105        | GEQ
 106        | AND
 107        | OR
 108        | CONS

 109  %entry% : '\001' program

state 0
	$accept : . %entry% $end  (0)

	'\001'  shift 1
	.  error

	%entry%  goto 2


state 1
	%entry% : '\001' . program  (109)
	tdecls : .  (2)

	.  reduce 2

	program  goto 3
	tdecls  goto 4


state 2
	$accept : %entry% . $end  (0)

	$end  accept


state 3
	%entry% : '\001' program .  (109)

	.  reduce 109


state 4
	program : tdecls . lexprs EOF  (1)
	tdecls : tdecls . tdecl  (3)

	LET  shift 5
	TYPE  shift 6
	.  error

	lexprs  goto 7
	tdecl  goto 8
	lexpr  goto 9


state 5
	lexprs : LET . letand_opt lexprs  (38)
	lexpr : LET . letand_opt IN expr  (40)

	INT  shift 10
	BOOL  shift 11
	FLOAT  shift 12
	STRING  shift 13
	NAME  shift 14
	.  error

	type_name  goto 15
	letand_opt  goto 16


state 6
	tdecl : TYPE . NAME ASSIGN type_expr  (4)

	NAME  shift 17
	.  error


state 7
	program : tdecls lexprs . EOF  (1)

	EOF  shift 18
	.  error


state 8
	tdecls : tdecls tdecl .  (3)

	.  reduce 3


state 9
	lexprs : lexpr .  (39)

	.  reduce 39


state 10
	type_name : INT .  (26)

	.  reduce 26


state 11
	type_name : BOOL .  (27)

	.  reduce 27


state 12
	type_name : FLOAT .  (28)

	.  reduce 28


state 13
	type_name : STRING .  (29)

	.  reduce 29


state 14
	type_name : NAME .  (30)

	.  reduce 30


state 15
	type_name : type_name . LIST  (31)
	type_name : type_name . STAR type_name  (32)
	type_name : type_name . ARROW type_name  (33)
	type_name : type_name . GROUP  (34)
	type_name : type_name . RING  (35)
	type_name : type_name . FIELD  (36)
	type_name : type_name . POLY  (37)
	letand_opt : type_name . NAME ASSIGN expr  (41)
	letand_opt : type_name . NAME ASSIGN expr LAND letand_opt  (42)

	STAR  shift 19
	ARROW  shift 20
	GROUP  shift 21
	RING  shift 22
	FIELD  shift 23
	POLY  shift 24
	LIST  shift 25
	NAME  shift 26
	.  error


state 16
	lexprs : LET letand_opt . lexprs  (38)
	lexpr : LET letand_opt . IN expr  (40)

	LET  shift 5
	IN  shift 27
	.  error

	lexprs  goto 28
	lexpr  goto 9


state 17
	tdecl : TYPE NAME . ASSIGN type_expr  (4)

	ASSIGN  shift 29
	.  error


state 18
	program : tdecls lexprs EOF .  (1)

	.  reduce 1


state 19
	type_name : type_name STAR . type_name  (32)

	INT  shift 10
	BOOL  shift 11
	FLOAT  shift 12
	STRING  shift 13
	NAME  shift 14
	.  error

	type_name  goto 30


state 20
	type_name : type_name ARROW . type_name  (33)

	INT  shift 10
	BOOL  shift 11
	FLOAT  shift 12
	STRING  shift 13
	NAME  shift 14
	.  error

	type_name  goto 31


state 21
	type_name : type_name GROUP .  (34)

	.  reduce 34


state 22
	type_name : type_name RING .  (35)

	.  reduce 35


state 23
	type_name : type_name FIELD .  (36)

	.  reduce 36


state 24
	type_name : type_name POLY .  (37)

	.  reduce 37


state 25
	type_name : type_name LIST .  (31)

	.  reduce 31


state 26
	letand_opt : type_name NAME . ASSIGN expr  (41)
	letand_opt : type_name NAME . ASSIGN expr LAND letand_opt  (42)

	ASSIGN  shift 32
	.  error


state 27
	lexpr : LET letand_opt IN . expr  (40)

	LPAREN  shift 33
	LBRACE  shift 34
	LBRACKET  shift 35
	MINUS  shift 36
	NOT  shift 37
	GROUP  shift 38
	RING  shift 39
	FIELD  shift 40
	LET  shift 41
	IF  shift 42
	PRINT  shift 43
	FUNCTION  shift 44
	LITERAL  shift 45
	BLIT  shift 46
	NAME  shift 47
	ADTNAME  shift 48
	FLIT  shift 49
	STRINGLIT  shift 50
	.  error

	lexpr  goto 51
	expr  goto 52
	target_conc  goto 53


state 28
	lexprs : LET letand_opt lexprs .  (38)

	.  reduce 38


state 29
	tdecl : TYPE NAME ASSIGN . type_expr  (4)

	LPAREN  shift 54
	LBRACE  shift 55
	INT  shift 56
	BOOL  shift 57
	FLOAT  shift 58
	STRING  shift 59
	VOID  shift 60
	NAME  shift 61
	.  error

	type_expr  goto 62
	adt_opt  goto 63
	adt_type_expr  goto 64


state 30
	type_name : type_name . LIST  (31)
	type_name : type_name . STAR type_name  (32)
	type_name : type_name STAR type_name .  (32)
	type_name : type_name . ARROW type_name  (33)
	type_name : type_name . GROUP  (34)
	type_name : type_name . RING  (35)
	type_name : type_name . FIELD  (36)
	type_name : type_name . POLY  (37)

	.  reduce 32


state 31
	type_name : type_name . LIST  (31)
	type_name : type_name . STAR type_name  (32)
	type_name : type_name . ARROW type_name  (33)
	type_name : type_name ARROW type_name .  (33)
	type_name : type_name . GROUP  (34)
	type_name : type_name . RING  (35)
	type_name : type_name . FIELD  (36)
	type_name : type_name . POLY  (37)

	STAR  shift 19
	GROUP  shift 21
	RING  shift 22
	FIELD  shift 23
	POLY  shift 24
	LIST  shift 25
	LPAREN  reduce 33
	RPAREN  reduce 33
	LBRACE  reduce 33
	RBRACE  reduce 33
	LBRACKET  reduce 33
	COMMA  reduce 33
	MINUS  reduce 33
	ARROW  reduce 33
	NOT  reduce 33
	LET  reduce 33
	IF  reduce 33
	TYPE  reduce 33
	BAR  reduce 33
	PRINT  reduce 33
	FUNCTION  reduce 33
	LITERAL  reduce 33
	BLIT  reduce 33
	NAME  reduce 33
	ADTNAME  reduce 33
	FLIT  reduce 33
	STRINGLIT  reduce 33


state 32
	letand_opt : type_name NAME ASSIGN . expr  (41)
	letand_opt : type_name NAME ASSIGN . expr LAND letand_opt  (42)

	LPAREN  shift 33
	LBRACE  shift 34
	LBRACKET  shift 35
	MINUS  shift 36
	NOT  shift 37
	GROUP  shift 38
	RING  shift 39
	FIELD  shift 40
	LET  shift 41
	IF  shift 42
	PRINT  shift 43
	FUNCTION  shift 44
	LITERAL  shift 45
	BLIT  shift 46
	NAME  shift 47
	ADTNAME  shift 48
	FLIT  shift 49
	STRINGLIT  shift 50
	.  error

	lexpr  goto 51
	expr  goto 65
	target_conc  goto 53


state 33
	expr : LPAREN . expr COMMA expr RPAREN  (48)
	expr : LPAREN . expr RPAREN  (64)

	LPAREN  shift 33
	LBRACE  shift 34
	LBRACKET  shift 35
	MINUS  shift 36
	NOT  shift 37
	GROUP  shift 38
	RING  shift 39
	FIELD  shift 40
	LET  shift 41
	IF  shift 42
	PRINT  shift 43
	FUNCTION  shift 44
	LITERAL  shift 45
	BLIT  shift 46
	NAME  shift 47
	ADTNAME  shift 48
	FLIT  shift 49
	STRINGLIT  shift 50
	.  error

	lexpr  goto 51
	expr  goto 66
	target_conc  goto 53


state 34
	expr : LBRACE . struct_init_body RBRACE  (60)

	NAME  shift 67
	.  error

	struct_init_body  goto 68


state 35
	expr : LBRACKET . inside_list RBRACKET  (49)
	inside_list : .  (94)

	LPAREN  shift 33
	LBRACE  shift 34
	LBRACKET  shift 35
	MINUS  shift 36
	NOT  shift 37
	GROUP  shift 38
	RING  shift 39
	FIELD  shift 40
	LET  shift 41
	IF  shift 42
	PRINT  shift 43
	FUNCTION  shift 44
	LITERAL  shift 45
	BLIT  shift 46
	NAME  shift 47
	ADTNAME  shift 48
	FLIT  shift 49
	STRINGLIT  shift 50
	RBRACKET  reduce 94

	lexpr  goto 51
	expr  goto 69
	inside_list  goto 70
	target_conc  goto 53


state 36
	expr : MINUS . expr  (52)

	LPAREN  shift 33
	LBRACE  shift 34
	LBRACKET  shift 35
	MINUS  shift 36
	NOT  shift 37
	GROUP  shift 38
	RING  shift 39
	FIELD  shift 40
	LET  shift 41
	IF  shift 42
	PRINT  shift 43
	FUNCTION  shift 44
	LITERAL  shift 45
	BLIT  shift 46
	NAME  shift 47
	ADTNAME  shift 48
	FLIT  shift 49
	STRINGLIT  shift 50
	.  error

	lexpr  goto 51
	expr  goto 71
	target_conc  goto 53


state 37
	expr : NOT . expr  (53)

	LPAREN  shift 33
	LBRACE  shift 34
	LBRACKET  shift 35
	MINUS  shift 36
	NOT  shift 37
	GROUP  shift 38
	RING  shift 39
	FIELD  shift 40
	LET  shift 41
	IF  shift 42
	PRINT  shift 43
	FUNCTION  shift 44
	LITERAL  shift 45
	BLIT  shift 46
	NAME  shift 47
	ADTNAME  shift 48
	FLIT  shift 49
	STRINGLIT  shift 50
	.  error

	lexpr  goto 51
	expr  goto 72
	target_conc  goto 53


state 38
	expr : GROUP . LBRACE type_name expr expr expr expr RBRACE  (57)

	LBRACE  shift 73
	.  error


state 39
	expr : RING . LBRACE type_name expr expr expr expr expr expr RBRACE  (58)

	LBRACE  shift 74
	.  error


state 40
	expr : FIELD . LBRACE type_name expr expr expr expr expr expr expr RBRACE  (59)

	LBRACE  shift 75
	.  error


state 41
	lexpr : LET . letand_opt IN expr  (40)

	INT  shift 10
	BOOL  shift 11
	FLOAT  shift 12
	STRING  shift 13
	NAME  shift 14
	.  error

	type_name  goto 15
	letand_opt  goto 76


state 42
	expr : IF . expr THEN expr ELSE expr END  (56)

	LPAREN  shift 33
	LBRACE  shift 34
	LBRACKET  shift 35
	MINUS  shift 36
	NOT  shift 37
	GROUP  shift 38
	RING  shift 39
	FIELD  shift 40
	LET  shift 41
	IF  shift 42
	PRINT  shift 43
	FUNCTION  shift 44
	LITERAL  shift 45
	BLIT  shift 46
	NAME  shift 47
	ADTNAME  shift 48
	FLIT  shift 49
	STRINGLIT  shift 50
	.  error

	lexpr  goto 51
	expr  goto 77
	target_conc  goto 53


state 43
	expr : PRINT . expr  (62)

	LPAREN  shift 33
	LBRACE  shift 34
	LBRACKET  shift 35
	MINUS  shift 36
	NOT  shift 37
	GROUP  shift 38
	RING  shift 39
	FIELD  shift 40
	LET  shift 41
	IF  shift 42
	PRINT  shift 43
	FUNCTION  shift 44
	LITERAL  shift 45
	BLIT  shift 46
	NAME  shift 47
	ADTNAME  shift 48
	FLIT  shift 49
	STRINGLIT  shift 50
	.  error

	lexpr  goto 51
	expr  goto 78
	target_conc  goto 53


state 44
	expr : FUNCTION . fn_def  (54)

	LPAREN  shift 79
	.  error

	fn_def  goto 80
	formals  goto 81


state 45
	expr : LITERAL .  (44)

	.  reduce 44


state 46
	expr : BLIT .  (46)

	.  reduce 46


state 47
	expr : NAME .  (50)
	expr : NAME . DOT NAME  (61)

	DOT  shift 82
	LPAREN  reduce 50
	RPAREN  reduce 50
	LBRACE  reduce 50
	RBRACE  reduce 50
	LBRACKET  reduce 50
	COMMA  reduce 50
	PLUS  reduce 50
	MINUS  reduce 50
	STAR  reduce 50
	DIVIDE  reduce 50
	EQ  reduce 50
	NEQ  reduce 50
	LT  reduce 50
	LEQ  reduce 50
	GT  reduce 50
	GEQ  reduce 50
	AND  reduce 50
	OR  reduce 50
	NOT  reduce 50
	CONS  reduce 50
	GROUP  reduce 50
	RING  reduce 50
	FIELD  reduce 50
	LET  reduce 50
	IN  reduce 50
	LAND  reduce 50
	IF  reduce 50
	THEN  reduce 50
	ELSE  reduce 50
	BAR  reduce 50
	PRINT  reduce 50
	FUNCTION  reduce 50
	END  reduce 50
	LITERAL  reduce 50
	BLIT  reduce 50
	NAME  reduce 50
	ADTNAME  reduce 50
	FLIT  reduce 50
	STRINGLIT  reduce 50
	EOF  reduce 50


state 48
	target_conc : ADTNAME .  (89)
	target_conc : ADTNAME . LPAREN target_conc RPAREN  (90)
	target_conc : ADTNAME . LPAREN expr RPAREN  (91)

	LPAREN  shift 83
	RPAREN  reduce 89
	LBRACE  reduce 89
	RBRACE  reduce 89
	LBRACKET  reduce 89
	COMMA  reduce 89
	PLUS  reduce 89
	MINUS  reduce 89
	STAR  reduce 89
	DIVIDE  reduce 89
	EQ  reduce 89
	NEQ  reduce 89
	LT  reduce 89
	LEQ  reduce 89
	GT  reduce 89
	GEQ  reduce 89
	AND  reduce 89
	OR  reduce 89
	NOT  reduce 89
	CONS  reduce 89
	GROUP  reduce 89
	RING  reduce 89
	FIELD  reduce 89
	LET  reduce 89
	IN  reduce 89
	LAND  reduce 89
	IF  reduce 89
	THEN  reduce 89
	ELSE  reduce 89
	BAR  reduce 89
	PRINT  reduce 89
	FUNCTION  reduce 89
	END  reduce 89
	LITERAL  reduce 89
	BLIT  reduce 89
	NAME  reduce 89
	ADTNAME  reduce 89
	FLIT  reduce 89
	STRINGLIT  reduce 89
	EOF  reduce 89


state 49
	expr : FLIT .  (45)

	.  reduce 45


state 50
	expr : STRINGLIT .  (47)

	.  reduce 47


state 51
	expr : lexpr .  (43)

	.  reduce 43


state 52
	lexpr : LET letand_opt IN expr .  (40)
	expr : expr . binop expr  (51)
	expr : expr . expr  (55)

	LPAREN  shift 33
	LBRACE  shift 34
	LBRACKET  shift 35
	PLUS  shift 84
	MINUS  shift 85
	STAR  shift 86
	DIVIDE  shift 87
	EQ  shift 88
	NEQ  shift 89
	LT  shift 90
	LEQ  shift 91
	GT  shift 92
	GEQ  shift 93
	AND  shift 94
	OR  shift 95
	NOT  shift 37
	CONS  shift 96
	GROUP  shift 38
	RING  shift 39
	FIELD  shift 40
	LITERAL  shift 45
	BLIT  shift 46
	NAME  shift 47
	ADTNAME  shift 48
	FLIT  shift 49
	STRINGLIT  shift 50
	RPAREN  reduce 40
	RBRACE  reduce 40
	COMMA  reduce 40
	IN  reduce 40
	LAND  reduce 40
	THEN  reduce 40
	ELSE  reduce 40
	BAR  reduce 40
	END  reduce 40
	EOF  reduce 40

	lexpr  goto 51
	expr  goto 97
	binop  goto 98
	target_conc  goto 53


state 53
	expr : target_conc .  (63)

	.  reduce 63


state 54
	type_expr : LPAREN . type_expr RPAREN  (19)

	LPAREN  shift 54
	LBRACE  shift 55
	INT  shift 56
	BOOL  shift 57
	FLOAT  shift 58
	STRING  shift 59
	VOID  shift 60
	NAME  shift 61
	.  error

	type_expr  goto 99
	adt_opt  goto 63
	adt_type_expr  goto 64


state 55
	type_expr : LBRACE . struct_decl_body RBRACE  (11)

	NAME  shift 100
	.  error

	struct_decl_body  goto 101


state 56
	type_expr : INT .  (5)

	.  reduce 5


state 57
	type_expr : BOOL .  (6)

	.  reduce 6


state 58
	type_expr : FLOAT .  (7)

	.  reduce 7


state 59
	type_expr : STRING .  (8)

	.  reduce 8


state 60
	type_expr : VOID .  (9)

	.  reduce 9


state 61
	adt_type_expr : NAME .  (22)
	adt_type_expr : NAME . OF type_name  (23)

	OF  shift 102
	RPAREN  reduce 22
	STAR  reduce 22
	ARROW  reduce 22
	GROUP  reduce 22
	RING  reduce 22
	FIELD  reduce 22
	POLY  reduce 22
	LET  reduce 22
	TYPE  reduce 22
	BAR  reduce 22
	LIST  reduce 22


state 62
	tdecl : TYPE NAME ASSIGN type_expr .  (4)
	type_expr : type_expr . LIST  (12)
	type_expr : type_expr . STAR type_expr  (13)
	type_expr : type_expr . ARROW type_expr  (14)
	type_expr : type_expr . GROUP  (15)
	type_expr : type_expr . RING  (16)
	type_expr : type_expr . FIELD  (17)
	type_expr : type_expr . POLY  (18)

	STAR  shift 103
	ARROW  shift 104
	GROUP  shift 105
	RING  shift 106
	FIELD  shift 107
	POLY  shift 108
	LIST  shift 109
	LET  reduce 4
	TYPE  reduce 4


state 63
	type_expr : adt_opt .  (10)

	.  reduce 10


state 64
	adt_opt : adt_type_expr .  (20)
	adt_opt : adt_type_expr . BAR adt_type_expr  (21)

	BAR  shift 110
	RPAREN  reduce 20
	STAR  reduce 20
	ARROW  reduce 20
	GROUP  reduce 20
	RING  reduce 20
	FIELD  reduce 20
	POLY  reduce 20
	LET  reduce 20
	TYPE  reduce 20
	LIST  reduce 20


state 65
	letand_opt : type_name NAME ASSIGN expr .  (41)
	letand_opt : type_name NAME ASSIGN expr . LAND letand_opt  (42)
	expr : expr . binop expr  (51)
	expr : expr . expr  (55)

	LPAREN  shift 33
	LBRACE  shift 34
	LBRACKET  shift 35
	PLUS  shift 84
	MINUS  shift 85
	STAR  shift 86
	DIVIDE  shift 87
	EQ  shift 88
	NEQ  shift 89
	LT  shift 90
	LEQ  shift 91
	GT  shift 92
	GEQ  shift 93
	AND  shift 94
	OR  shift 95
	NOT  shift 37
	CONS  shift 96
	GROUP  shift 38
	RING  shift 39
	FIELD  shift 40
	LAND  shift 111
	IF  shift 42
	PRINT  shift 43
	FUNCTION  shift 44
	LITERAL  shift 45
	BLIT  shift 46
	NAME  shift 47
	ADTNAME  shift 48
	FLIT  shift 49
	STRINGLIT  shift 50
	LET  reduce 41
	IN  reduce 41

	lexpr  goto 51
	expr  goto 97
	binop  goto 98
	target_conc  goto 53


state 66
	expr : LPAREN expr . COMMA expr RPAREN  (48)
	expr : expr . binop expr  (51)
	expr : expr . expr  (55)
	expr : LPAREN expr . RPAREN  (64)

	LPAREN  shift 33
	RPAREN  shift 112
	LBRACE  shift 34
	LBRACKET  shift 35
	COMMA  shift 113
	PLUS  shift 84
	MINUS  shift 85
	STAR  shift 86
	DIVIDE  shift 87
	EQ  shift 88
	NEQ  shift 89
	LT  shift 90
	LEQ  shift 91
	GT  shift 92
	GEQ  shift 93
	AND  shift 94
	OR  shift 95
	NOT  shift 37
	CONS  shift 96
	GROUP  shift 38
	RING  shift 39
	FIELD  shift 40
	LET  shift 41
	IF  shift 42
	PRINT  shift 43
	FUNCTION  shift 44
	LITERAL  shift 45
	BLIT  shift 46
	NAME  shift 47
	ADTNAME  shift 48
	FLIT  shift 49
	STRINGLIT  shift 50
	.  error

	lexpr  goto 51
	expr  goto 97
	binop  goto 98
	target_conc  goto 53


state 67
	struct_init_body : NAME . ASSIGN expr  (92)
	struct_init_body : NAME . ASSIGN expr COMMA struct_init_body  (93)

	ASSIGN  shift 114
	.  error


state 68
	expr : LBRACE struct_init_body . RBRACE  (60)

	RBRACE  shift 115
	.  error


state 69
	expr : expr . binop expr  (51)
	expr : expr . expr  (55)
	inside_list : expr . COMMA inside_list  (95)

	LPAREN  shift 33
	LBRACE  shift 34
	LBRACKET  shift 35
	COMMA  shift 116
	PLUS  shift 84
	MINUS  shift 85
	STAR  shift 86
	DIVIDE  shift 87
	EQ  shift 88
	NEQ  shift 89
	LT  shift 90
	LEQ  shift 91
	GT  shift 92
	GEQ  shift 93
	AND  shift 94
	OR  shift 95
	NOT  shift 37
	CONS  shift 96
	GROUP  shift 38
	RING  shift 39
	FIELD  shift 40
	LET  shift 41
	IF  shift 42
	PRINT  shift 43
	FUNCTION  shift 44
	LITERAL  shift 45
	BLIT  shift 46
	NAME  shift 47
	ADTNAME  shift 48
	FLIT  shift 49
	STRINGLIT  shift 50
	.  error

	lexpr  goto 51
	expr  goto 97
	binop  goto 98
	target_conc  goto 53


state 70
	expr : LBRACKET inside_list . RBRACKET  (49)

	RBRACKET  shift 117
	.  error


state 71
	expr : expr . binop expr  (51)
	expr : MINUS expr .  (52)
	expr : expr . expr  (55)

	LPAREN  shift 33
	LBRACE  shift 34
	LBRACKET  shift 35
	NOT  shift 37
	RPAREN  reduce 52
	RBRACE  reduce 52
	COMMA  reduce 52
	PLUS  reduce 52
	MINUS  reduce 52
	STAR  reduce 52
	DIVIDE  reduce 52
	EQ  reduce 52
	NEQ  reduce 52
	LT  reduce 52
	LEQ  reduce 52
	GT  reduce 52
	GEQ  reduce 52
	AND  reduce 52
	OR  reduce 52
	CONS  reduce 52
	GROUP  reduce 52
	RING  reduce 52
	FIELD  reduce 52
	LET  reduce 52
	IN  reduce 52
	LAND  reduce 52
	IF  reduce 52
	THEN  reduce 52
	ELSE  reduce 52
	BAR  reduce 52
	PRINT  reduce 52
	FUNCTION  reduce 52
	END  reduce 52
	LITERAL  reduce 52
	BLIT  reduce 52
	NAME  reduce 52
	ADTNAME  reduce 52
	FLIT  reduce 52
	STRINGLIT  reduce 52
	EOF  reduce 52

	lexpr  goto 51
	expr  goto 97
	binop  goto 98
	target_conc  goto 53


state 72
	expr : expr . binop expr  (51)
	expr : NOT expr .  (53)
	expr : expr . expr  (55)

	LPAREN  shift 33
	LBRACE  shift 34
	LBRACKET  shift 35
	NOT  shift 37
	RPAREN  reduce 53
	RBRACE  reduce 53
	COMMA  reduce 53
	PLUS  reduce 53
	MINUS  reduce 53
	STAR  reduce 53
	DIVIDE  reduce 53
	EQ  reduce 53
	NEQ  reduce 53
	LT  reduce 53
	LEQ  reduce 53
	GT  reduce 53
	GEQ  reduce 53
	AND  reduce 53
	OR  reduce 53
	CONS  reduce 53
	GROUP  reduce 53
	RING  reduce 53
	FIELD  reduce 53
	LET  reduce 53
	IN  reduce 53
	LAND  reduce 53
	IF  reduce 53
	THEN  reduce 53
	ELSE  reduce 53
	BAR  reduce 53
	PRINT  reduce 53
	FUNCTION  reduce 53
	END  reduce 53
	LITERAL  reduce 53
	BLIT  reduce 53
	NAME  reduce 53
	ADTNAME  reduce 53
	FLIT  reduce 53
	STRINGLIT  reduce 53
	EOF  reduce 53

	lexpr  goto 51
	expr  goto 97
	binop  goto 98
	target_conc  goto 53


state 73
	expr : GROUP LBRACE . type_name expr expr expr expr RBRACE  (57)

	INT  shift 10
	BOOL  shift 11
	FLOAT  shift 12
	STRING  shift 13
	NAME  shift 14
	.  error

	type_name  goto 118


state 74
	expr : RING LBRACE . type_name expr expr expr expr expr expr RBRACE  (58)

	INT  shift 10
	BOOL  shift 11
	FLOAT  shift 12
	STRING  shift 13
	NAME  shift 14
	.  error

	type_name  goto 119


state 75
	expr : FIELD LBRACE . type_name expr expr expr expr expr expr expr RBRACE  (59)

	INT  shift 10
	BOOL  shift 11
	FLOAT  shift 12
	STRING  shift 13
	NAME  shift 14
	.  error

	type_name  goto 120


state 76
	lexpr : LET letand_opt . IN expr  (40)

	IN  shift 27
	.  error


state 77
	expr : expr . binop expr  (51)
	expr : expr . expr  (55)
	expr : IF expr . THEN expr ELSE expr END  (56)

	LPAREN  shift 33
	LBRACE  shift 34
	LBRACKET  shift 35
	PLUS  shift 84
	MINUS  shift 85
	STAR  shift 86
	DIVIDE  shift 87
	EQ  shift 88
	NEQ  shift 89
	LT  shift 90
	LEQ  shift 91
	GT  shift 92
	GEQ  shift 93
	AND  shift 94
	OR  shift 95
	NOT  shift 37
	CONS  shift 96
	GROUP  shift 38
	RING  shift 39
	FIELD  shift 40
	LET  shift 41
	IF  shift 42
	THEN  shift 121
	PRINT  shift 43
	FUNCTION  shift 44
	LITERAL  shift 45
	BLIT  shift 46
	NAME  shift 47
	ADTNAME  shift 48
	FLIT  shift 49
	STRINGLIT  shift 50
	.  error

	lexpr  goto 51
	expr  goto 97
	binop  goto 98
	target_conc  goto 53


state 78
	expr : expr . binop expr  (51)
	expr : expr . expr  (55)
	expr : PRINT expr .  (62)

	LPAREN  shift 33
	LBRACE  shift 34
	LBRACKET  shift 35
	PLUS  shift 84
	MINUS  shift 85
	STAR  shift 86
	DIVIDE  shift 87
	EQ  shift 88
	NEQ  shift 89
	LT  shift 90
	LEQ  shift 91
	GT  shift 92
	GEQ  shift 93
	AND  shift 94
	OR  shift 95
	NOT  shift 37
	CONS  shift 96
	GROUP  shift 38
	RING  shift 39
	FIELD  shift 40
	LITERAL  shift 45
	BLIT  shift 46
	NAME  shift 47
	ADTNAME  shift 48
	FLIT  shift 49
	STRINGLIT  shift 50
	RPAREN  reduce 62
	RBRACE  reduce 62
	COMMA  reduce 62
	IN  reduce 62
	LAND  reduce 62
	THEN  reduce 62
	ELSE  reduce 62
	BAR  reduce 62
	END  reduce 62
	EOF  reduce 62

	lexpr  goto 51
	expr  goto 97
	binop  goto 98
	target_conc  goto 53


state 79
	formals : LPAREN . formals_opt RPAREN  (67)
	formals_opt : .  (68)

	NAME  shift 122
	RPAREN  reduce 68

	formals_opt  goto 123
	formal_list  goto 124


state 80
	expr : FUNCTION fn_def .  (54)

	.  reduce 54


state 81
	fn_def : formals . expr  (65)
	fn_def : formals . MATCH formals WITH match_rule END  (66)

	LPAREN  shift 33
	LBRACE  shift 34
	LBRACKET  shift 35
	MINUS  shift 36
	NOT  shift 37
	GROUP  shift 38
	RING  shift 39
	FIELD  shift 40
	LET  shift 41
	IF  shift 42
	PRINT  shift 43
	FUNCTION  shift 44
	MATCH  shift 125
	LITERAL  shift 45
	BLIT  shift 46
	NAME  shift 47
	ADTNAME  shift 48
	FLIT  shift 49
	STRINGLIT  shift 50
	.  error

	lexpr  goto 51
	expr  goto 126
	target_conc  goto 53


state 82
	expr : NAME DOT . NAME  (61)

	NAME  shift 127
	.  error


state 83
	target_conc : ADTNAME LPAREN . target_conc RPAREN  (90)
	target_conc : ADTNAME LPAREN . expr RPAREN  (91)

	LPAREN  shift 33
	LBRACE  shift 34
	LBRACKET  shift 35
	MINUS  shift 36
	NOT  shift 37
	GROUP  shift 38
	RING  shift 39
	FIELD  shift 40
	LET  shift 41
	IF  shift 42
	PRINT  shift 43
	FUNCTION  shift 44
	LITERAL  shift 45
	BLIT  shift 46
	NAME  shift 47
	ADTNAME  shift 48
	FLIT  shift 49
	STRINGLIT  shift 50
	.  error

	lexpr  goto 51
	expr  goto 128
	target_conc  goto 129


state 84
	binop : PLUS .  (96)

	.  reduce 96


state 85
	expr : MINUS . expr  (52)
	binop : MINUS .  (97)

	LPAREN  shift 33
	LBRACE  shift 34
	LBRACKET  shift 35
	NOT  shift 37
	MINUS  reduce 97
	GROUP  reduce 97
	RING  reduce 97
	FIELD  reduce 97
	LET  reduce 97
	IF  reduce 97
	PRINT  reduce 97
	FUNCTION  reduce 97
	LITERAL  reduce 97
	BLIT  reduce 97
	NAME  reduce 97
	ADTNAME  reduce 97
	FLIT  reduce 97
	STRINGLIT  reduce 97

	lexpr  goto 51
	expr  goto 71
	target_conc  goto 53


state 86
	binop : STAR .  (98)

	.  reduce 98


state 87
	binop : DIVIDE .  (99)

	.  reduce 99


state 88
	binop : EQ .  (100)

	.  reduce 100


state 89
	binop : NEQ .  (101)

	.  reduce 101


state 90
	binop : LT .  (102)

	.  reduce 102


state 91
	binop : LEQ .  (104)

	.  reduce 104


state 92
	binop : GT .  (103)

	.  reduce 103


state 93
	binop : GEQ .  (105)

	.  reduce 105


state 94
	binop : AND .  (106)

	.  reduce 106


state 95
	binop : OR .  (107)

	.  reduce 107


state 96
	binop : CONS .  (108)

	.  reduce 108


state 97
	expr : expr . binop expr  (51)
	expr : expr . expr  (55)
	expr : expr expr .  (55)

	LPAREN  shift 33
	LBRACE  shift 34
	LBRACKET  shift 35
	NOT  shift 37
	RPAREN  reduce 55
	RBRACE  reduce 55
	COMMA  reduce 55
	PLUS  reduce 55
	MINUS  reduce 55
	STAR  reduce 55
	DIVIDE  reduce 55
	EQ  reduce 55
	NEQ  reduce 55
	LT  reduce 55
	LEQ  reduce 55
	GT  reduce 55
	GEQ  reduce 55
	AND  reduce 55
	OR  reduce 55
	CONS  reduce 55
	GROUP  reduce 55
	RING  reduce 55
	FIELD  reduce 55
	LET  reduce 55
	IN  reduce 55
	LAND  reduce 55
	IF  reduce 55
	THEN  reduce 55
	ELSE  reduce 55
	BAR  reduce 55
	PRINT  reduce 55
	FUNCTION  reduce 55
	END  reduce 55
	LITERAL  reduce 55
	BLIT  reduce 55
	NAME  reduce 55
	ADTNAME  reduce 55
	FLIT  reduce 55
	STRINGLIT  reduce 55
	EOF  reduce 55

	lexpr  goto 51
	expr  goto 97
	binop  goto 98
	target_conc  goto 53


state 98
	expr : expr binop . expr  (51)

	LPAREN  shift 33
	LBRACE  shift 34
	LBRACKET  shift 35
	MINUS  shift 36
	NOT  shift 37
	GROUP  shift 38
	RING  shift 39
	FIELD  shift 40
	LET  shift 41
	IF  shift 42
	PRINT  shift 43
	FUNCTION  shift 44
	LITERAL  shift 45
	BLIT  shift 46
	NAME  shift 47
	ADTNAME  shift 48
	FLIT  shift 49
	STRINGLIT  shift 50
	.  error

	lexpr  goto 51
	expr  goto 130
	target_conc  goto 53


state 99
	type_expr : type_expr . LIST  (12)
	type_expr : type_expr . STAR type_expr  (13)
	type_expr : type_expr . ARROW type_expr  (14)
	type_expr : type_expr . GROUP  (15)
	type_expr : type_expr . RING  (16)
	type_expr : type_expr . FIELD  (17)
	type_expr : type_expr . POLY  (18)
	type_expr : LPAREN type_expr . RPAREN  (19)

	RPAREN  shift 131
	STAR  shift 103
	ARROW  shift 104
	GROUP  shift 105
	RING  shift 106
	FIELD  shift 107
	POLY  shift 108
	LIST  shift 109
	.  error


state 100
	struct_decl_body : NAME . COLON type_name  (24)
	struct_decl_body : NAME . COLON type_name COMMA struct_decl_body  (25)

	COLON  shift 132
	.  error


state 101
	type_expr : LBRACE struct_decl_body . RBRACE  (11)

	RBRACE  shift 133
	.  error


state 102
	adt_type_expr : NAME OF . type_name  (23)

	INT  shift 10
	BOOL  shift 11
	FLOAT  shift 12
	STRING  shift 13
	NAME  shift 14
	.  error

	type_name  goto 134


state 103
	type_expr : type_expr STAR . type_expr  (13)

	LPAREN  shift 54
	LBRACE  shift 55
	INT  shift 56
	BOOL  shift 57
	FLOAT  shift 58
	STRING  shift 59
	VOID  shift 60
	NAME  shift 61
	.  error

	type_expr  goto 135
	adt_opt  goto 63
	adt_type_expr  goto 64


state 104
	type_expr : type_expr ARROW . type_expr  (14)

	LPAREN  shift 54
	LBRACE  shift 55
	INT  shift 56
	BOOL  shift 57
	FLOAT  shift 58
	STRING  shift 59
	VOID  shift 60
	NAME  shift 61
	.  error

	type_expr  goto 136
	adt_opt  goto 63
	adt_type_expr  goto 64


state 105
	type_expr : type_expr GROUP .  (15)

	.  reduce 15


state 106
	type_expr : type_expr RING .  (16)

	.  reduce 16


state 107
	type_expr : type_expr FIELD .  (17)

	.  reduce 17


state 108
	type_expr : type_expr POLY .  (18)

	.  reduce 18


state 109
	type_expr : type_expr LIST .  (12)

	.  reduce 12


state 110
	adt_opt : adt_type_expr BAR . adt_type_expr  (21)

	NAME  shift 61
	.  error

	adt_type_expr  goto 137


state 111
	letand_opt : type_name NAME ASSIGN expr LAND . letand_opt  (42)

	INT  shift 10
	BOOL  shift 11
	FLOAT  shift 12
	STRING  shift 13
	NAME  shift 14
	.  error

	type_name  goto 15
	letand_opt  goto 138


state 112
	expr : LPAREN expr RPAREN .  (64)

	.  reduce 64


state 113
	expr : LPAREN expr COMMA . expr RPAREN  (48)

	LPAREN  shift 33
	LBRACE  shift 34
	LBRACKET  shift 35
	MINUS  shift 36
	NOT  shift 37
	GROUP  shift 38
	RING  shift 39
	FIELD  shift 40
	LET  shift 41
	IF  shift 42
	PRINT  shift 43
	FUNCTION  shift 44
	LITERAL  shift 45
	BLIT  shift 46
	NAME  shift 47
	ADTNAME  shift 48
	FLIT  shift 49
	STRINGLIT  shift 50
	.  error

	lexpr  goto 51
	expr  goto 139
	target_conc  goto 53


state 114
	struct_init_body : NAME ASSIGN . expr  (92)
	struct_init_body : NAME ASSIGN . expr COMMA struct_init_body  (93)

	LPAREN  shift 33
	LBRACE  shift 34
	LBRACKET  shift 35
	MINUS  shift 36
	NOT  shift 37
	GROUP  shift 38
	RING  shift 39
	FIELD  shift 40
	LET  shift 41
	IF  shift 42
	PRINT  shift 43
	FUNCTION  shift 44
	LITERAL  shift 45
	BLIT  shift 46
	NAME  shift 47
	ADTNAME  shift 48
	FLIT  shift 49
	STRINGLIT  shift 50
	.  error

	lexpr  goto 51
	expr  goto 140
	target_conc  goto 53


state 115
	expr : LBRACE struct_init_body RBRACE .  (60)

	.  reduce 60


state 116
	inside_list : expr COMMA . inside_list  (95)
	inside_list : .  (94)

	LPAREN  shift 33
	LBRACE  shift 34
	LBRACKET  shift 35
	MINUS  shift 36
	NOT  shift 37
	GROUP  shift 38
	RING  shift 39
	FIELD  shift 40
	LET  shift 41
	IF  shift 42
	PRINT  shift 43
	FUNCTION  shift 44
	LITERAL  shift 45
	BLIT  shift 46
	NAME  shift 47
	ADTNAME  shift 48
	FLIT  shift 49
	STRINGLIT  shift 50
	RBRACKET  reduce 94

	lexpr  goto 51
	expr  goto 69
	inside_list  goto 141
	target_conc  goto 53


state 117
	expr : LBRACKET inside_list RBRACKET .  (49)

	.  reduce 49


state 118
	type_name : type_name . LIST  (31)
	type_name : type_name . STAR type_name  (32)
	type_name : type_name . ARROW type_name  (33)
	type_name : type_name . GROUP  (34)
	type_name : type_name . RING  (35)
	type_name : type_name . FIELD  (36)
	type_name : type_name . POLY  (37)
	expr : GROUP LBRACE type_name . expr expr expr expr RBRACE  (57)

	LPAREN  shift 33
	LBRACE  shift 34
	LBRACKET  shift 35
	MINUS  shift 36
	STAR  shift 19
	ARROW  shift 20
	NOT  shift 37
	GROUP  shift 142
	RING  shift 143
	FIELD  shift 144
	POLY  shift 24
	LET  shift 41
	IF  shift 42
	LIST  shift 25
	PRINT  shift 43
	FUNCTION  shift 44
	LITERAL  shift 45
	BLIT  shift 46
	NAME  shift 47
	ADTNAME  shift 48
	FLIT  shift 49
	STRINGLIT  shift 50
	.  error

	lexpr  goto 51
	expr  goto 145
	target_conc  goto 53


state 119
	type_name : type_name . LIST  (31)
	type_name : type_name . STAR type_name  (32)
	type_name : type_name . ARROW type_name  (33)
	type_name : type_name . GROUP  (34)
	type_name : type_name . RING  (35)
	type_name : type_name . FIELD  (36)
	type_name : type_name . POLY  (37)
	expr : RING LBRACE type_name . expr expr expr expr expr expr RBRACE  (58)

	LPAREN  shift 33
	LBRACE  shift 34
	LBRACKET  shift 35
	MINUS  shift 36
	STAR  shift 19
	ARROW  shift 20
	NOT  shift 37
	GROUP  shift 142
	RING  shift 143
	FIELD  shift 144
	POLY  shift 24
	LET  shift 41
	IF  shift 42
	LIST  shift 25
	PRINT  shift 43
	FUNCTION  shift 44
	LITERAL  shift 45
	BLIT  shift 46
	NAME  shift 47
	ADTNAME  shift 48
	FLIT  shift 49
	STRINGLIT  shift 50
	.  error

	lexpr  goto 51
	expr  goto 146
	target_conc  goto 53


state 120
	type_name : type_name . LIST  (31)
	type_name : type_name . STAR type_name  (32)
	type_name : type_name . ARROW type_name  (33)
	type_name : type_name . GROUP  (34)
	type_name : type_name . RING  (35)
	type_name : type_name . FIELD  (36)
	type_name : type_name . POLY  (37)
	expr : FIELD LBRACE type_name . expr expr expr expr expr expr expr RBRACE  (59)

	LPAREN  shift 33
	LBRACE  shift 34
	LBRACKET  shift 35
	MINUS  shift 36
	STAR  shift 19
	ARROW  shift 20
	NOT  shift 37
	GROUP  shift 142
	RING  shift 143
	FIELD  shift 144
	POLY  shift 24
	LET  shift 41
	IF  shift 42
	LIST  shift 25
	PRINT  shift 43
	FUNCTION  shift 44
	LITERAL  shift 45
	BLIT  shift 46
	NAME  shift 47
	ADTNAME  shift 48
	FLIT  shift 49
	STRINGLIT  shift 50
	.  error

	lexpr  goto 51
	expr  goto 147
	target_conc  goto 53


state 121
	expr : IF expr THEN . expr ELSE expr END  (56)

	LPAREN  shift 33
	LBRACE  shift 34
	LBRACKET  shift 35
	MINUS  shift 36
	NOT  shift 37
	GROUP  shift 38
	RING  shift 39
	FIELD  shift 40
	LET  shift 41
	IF  shift 42
	PRINT  shift 43
	FUNCTION  shift 44
	LITERAL  shift 45
	BLIT  shift 46
	NAME  shift 47
	ADTNAME  shift 48
	FLIT  shift 49
	STRINGLIT  shift 50
	.  error

	lexpr  goto 51
	expr  goto 148
	target_conc  goto 53


state 122
	formal_list : NAME .  (70)

	.  reduce 70


state 123
	formals : LPAREN formals_opt . RPAREN  (67)

	RPAREN  shift 149
	.  error


state 124
	formals_opt : formal_list .  (69)
	formal_list : formal_list . NAME  (71)

	NAME  shift 150
	RPAREN  reduce 69


state 125
	fn_def : formals MATCH . formals WITH match_rule END  (66)

	LPAREN  shift 79
	.  error

	formals  goto 151


state 126
	expr : expr . binop expr  (51)
	expr : expr . expr  (55)
	fn_def : formals expr .  (65)

	LPAREN  shift 33
	LBRACE  shift 34
	LBRACKET  shift 35
	PLUS  shift 84
	MINUS  shift 85
	STAR  shift 86
	DIVIDE  shift 87
	EQ  shift 88
	NEQ  shift 89
	LT  shift 90
	LEQ  shift 91
	GT  shift 92
	GEQ  shift 93
	AND  shift 94
	OR  shift 95
	NOT  shift 37
	CONS  shift 96
	GROUP  shift 38
	RING  shift 39
	FIELD  shift 40
	LITERAL  shift 45
	BLIT  shift 46
	NAME  shift 47
	ADTNAME  shift 48
	FLIT  shift 49
	STRINGLIT  shift 50
	RPAREN  reduce 65
	RBRACE  reduce 65
	COMMA  reduce 65
	IN  reduce 65
	LAND  reduce 65
	THEN  reduce 65
	ELSE  reduce 65
	BAR  reduce 65
	END  reduce 65
	EOF  reduce 65

	lexpr  goto 51
	expr  goto 97
	binop  goto 98
	target_conc  goto 53


state 127
	expr : NAME DOT NAME .  (61)

	.  reduce 61


state 128
	expr : expr . binop expr  (51)
	expr : expr . expr  (55)
	target_conc : ADTNAME LPAREN expr . RPAREN  (91)

	LPAREN  shift 33
	RPAREN  shift 152
	LBRACE  shift 34
	LBRACKET  shift 35
	PLUS  shift 84
	MINUS  shift 85
	STAR  shift 86
	DIVIDE  shift 87
	EQ  shift 88
	NEQ  shift 89
	LT  shift 90
	LEQ  shift 91
	GT  shift 92
	GEQ  shift 93
	AND  shift 94
	OR  shift 95
	NOT  shift 37
	CONS  shift 96
	GROUP  shift 38
	RING  shift 39
	FIELD  shift 40
	LET  shift 41
	IF  shift 42
	PRINT  shift 43
	FUNCTION  shift 44
	LITERAL  shift 45
	BLIT  shift 46
	NAME  shift 47
	ADTNAME  shift 48
	FLIT  shift 49
	STRINGLIT  shift 50
	.  error

	lexpr  goto 51
	expr  goto 97
	binop  goto 98
	target_conc  goto 53


state 129
	expr : target_conc .  (63)
	target_conc : ADTNAME LPAREN target_conc . RPAREN  (90)

	RPAREN  shift 153
	LPAREN  reduce 63
	LBRACE  reduce 63
	LBRACKET  reduce 63
	PLUS  reduce 63
	MINUS  reduce 63
	STAR  reduce 63
	DIVIDE  reduce 63
	EQ  reduce 63
	NEQ  reduce 63
	LT  reduce 63
	LEQ  reduce 63
	GT  reduce 63
	GEQ  reduce 63
	AND  reduce 63
	OR  reduce 63
	NOT  reduce 63
	CONS  reduce 63
	GROUP  reduce 63
	RING  reduce 63
	FIELD  reduce 63
	LET  reduce 63
	IF  reduce 63
	PRINT  reduce 63
	FUNCTION  reduce 63
	LITERAL  reduce 63
	BLIT  reduce 63
	NAME  reduce 63
	ADTNAME  reduce 63
	FLIT  reduce 63
	STRINGLIT  reduce 63


state 130
	expr : expr . binop expr  (51)
	expr : expr binop expr .  (51)
	expr : expr . expr  (55)

	LPAREN  shift 33
	LBRACE  shift 34
	LBRACKET  shift 35
	NOT  shift 37
	RPAREN  reduce 51
	RBRACE  reduce 51
	COMMA  reduce 51
	PLUS  reduce 51
	MINUS  reduce 51
	STAR  reduce 51
	DIVIDE  reduce 51
	EQ  reduce 51
	NEQ  reduce 51
	LT  reduce 51
	LEQ  reduce 51
	GT  reduce 51
	GEQ  reduce 51
	AND  reduce 51
	OR  reduce 51
	CONS  reduce 51
	GROUP  reduce 51
	RING  reduce 51
	FIELD  reduce 51
	LET  reduce 51
	IN  reduce 51
	LAND  reduce 51
	IF  reduce 51
	THEN  reduce 51
	ELSE  reduce 51
	BAR  reduce 51
	PRINT  reduce 51
	FUNCTION  reduce 51
	END  reduce 51
	LITERAL  reduce 51
	BLIT  reduce 51
	NAME  reduce 51
	ADTNAME  reduce 51
	FLIT  reduce 51
	STRINGLIT  reduce 51
	EOF  reduce 51

	lexpr  goto 51
	expr  goto 97
	binop  goto 98
	target_conc  goto 53


state 131
	type_expr : LPAREN type_expr RPAREN .  (19)

	.  reduce 19


state 132
	struct_decl_body : NAME COLON . type_name  (24)
	struct_decl_body : NAME COLON . type_name COMMA struct_decl_body  (25)

	INT  shift 10
	BOOL  shift 11
	FLOAT  shift 12
	STRING  shift 13
	NAME  shift 14
	.  error

	type_name  goto 154


state 133
	type_expr : LBRACE struct_decl_body RBRACE .  (11)

	.  reduce 11


state 134
	adt_type_expr : NAME OF type_name .  (23)
	type_name : type_name . LIST  (31)
	type_name : type_name . STAR type_name  (32)
	type_name : type_name . ARROW type_name  (33)
	type_name : type_name . GROUP  (34)
	type_name : type_name . RING  (35)
	type_name : type_name . FIELD  (36)
	type_name : type_name . POLY  (37)

	STAR  shift 19
	ARROW  shift 20
	GROUP  shift 21
	RING  shift 22
	FIELD  shift 23
	POLY  shift 24
	LIST  shift 25
	RPAREN  reduce 23
	LET  reduce 23
	TYPE  reduce 23
	BAR  reduce 23


state 135
	type_expr : type_expr . LIST  (12)
	type_expr : type_expr . STAR type_expr  (13)
	type_expr : type_expr STAR type_expr .  (13)
	type_expr : type_expr . ARROW type_expr  (14)
	type_expr : type_expr . GROUP  (15)
	type_expr : type_expr . RING  (16)
	type_expr : type_expr . FIELD  (17)
	type_expr : type_expr . POLY  (18)

	.  reduce 13


state 136
	type_expr : type_expr . LIST  (12)
	type_expr : type_expr . STAR type_expr  (13)
	type_expr : type_expr . ARROW type_expr  (14)
	type_expr : type_expr ARROW type_expr .  (14)
	type_expr : type_expr . GROUP  (15)
	type_expr : type_expr . RING  (16)
	type_expr : type_expr . FIELD  (17)
	type_expr : type_expr . POLY  (18)

	STAR  shift 103
	GROUP  shift 105
	RING  shift 106
	FIELD  shift 107
	POLY  shift 108
	LIST  shift 109
	RPAREN  reduce 14
	ARROW  reduce 14
	LET  reduce 14
	TYPE  reduce 14


state 137
	adt_opt : adt_type_expr BAR adt_type_expr .  (21)

	.  reduce 21


state 138
	letand_opt : type_name NAME ASSIGN expr LAND letand_opt .  (42)

	.  reduce 42


state 139
	expr : LPAREN expr COMMA expr . RPAREN  (48)
	expr : expr . binop expr  (51)
	expr : expr . expr  (55)

	LPAREN  shift 33
	RPAREN  shift 155
	LBRACE  shift 34
	LBRACKET  shift 35
	PLUS  shift 84
	MINUS  shift 85
	STAR  shift 86
	DIVIDE  shift 87
	EQ  shift 88
	NEQ  shift 89
	LT  shift 90
	LEQ  shift 91
	GT  shift 92
	GEQ  shift 93
	AND  shift 94
	OR  shift 95
	NOT  shift 37
	CONS  shift 96
	GROUP  shift 38
	RING  shift 39
	FIELD  shift 40
	LET  shift 41
	IF  shift 42
	PRINT  shift 43
	FUNCTION  shift 44
	LITERAL  shift 45
	BLIT  shift 46
	NAME  shift 47
	ADTNAME  shift 48
	FLIT  shift 49
	STRINGLIT  shift 50
	.  error

	lexpr  goto 51
	expr  goto 97
	binop  goto 98
	target_conc  goto 53


state 140
	expr : expr . binop expr  (51)
	expr : expr . expr  (55)
	struct_init_body : NAME ASSIGN expr .  (92)
	struct_init_body : NAME ASSIGN expr . COMMA struct_init_body  (93)

	LPAREN  shift 33
	LBRACE  shift 34
	LBRACKET  shift 35
	COMMA  shift 156
	PLUS  shift 84
	MINUS  shift 85
	STAR  shift 86
	DIVIDE  shift 87
	EQ  shift 88
	NEQ  shift 89
	LT  shift 90
	LEQ  shift 91
	GT  shift 92
	GEQ  shift 93
	AND  shift 94
	OR  shift 95
	NOT  shift 37
	CONS  shift 96
	GROUP  shift 38
	RING  shift 39
	FIELD  shift 40
	LET  shift 41
	IF  shift 42
	PRINT  shift 43
	FUNCTION  shift 44
	LITERAL  shift 45
	BLIT  shift 46
	NAME  shift 47
	ADTNAME  shift 48
	FLIT  shift 49
	STRINGLIT  shift 50
	RBRACE  reduce 92

	lexpr  goto 51
	expr  goto 97
	binop  goto 98
	target_conc  goto 53


state 141
	inside_list : expr COMMA inside_list .  (95)

	.  reduce 95


state 142
	type_name : type_name GROUP .  (34)
	expr : GROUP . LBRACE type_name expr expr expr expr RBRACE  (57)

	LBRACE  shift 73
	LPAREN  reduce 34
	LBRACKET  reduce 34
	MINUS  reduce 34
	STAR  reduce 34
	ARROW  reduce 34
	NOT  reduce 34
	GROUP  reduce 34
	RING  reduce 34
	FIELD  reduce 34
	POLY  reduce 34
	LET  reduce 34
	IF  reduce 34
	LIST  reduce 34
	PRINT  reduce 34
	FUNCTION  reduce 34
	LITERAL  reduce 34
	BLIT  reduce 34
	NAME  reduce 34
	ADTNAME  reduce 34
	FLIT  reduce 34
	STRINGLIT  reduce 34


state 143
	type_name : type_name RING .  (35)
	expr : RING . LBRACE type_name expr expr expr expr expr expr RBRACE  (58)

	LBRACE  shift 74
	LPAREN  reduce 35
	LBRACKET  reduce 35
	MINUS  reduce 35
	STAR  reduce 35
	ARROW  reduce 35
	NOT  reduce 35
	GROUP  reduce 35
	RING  reduce 35
	FIELD  reduce 35
	POLY  reduce 35
	LET  reduce 35
	IF  reduce 35
	LIST  reduce 35
	PRINT  reduce 35
	FUNCTION  reduce 35
	LITERAL  reduce 35
	BLIT  reduce 35
	NAME  reduce 35
	ADTNAME  reduce 35
	FLIT  reduce 35
	STRINGLIT  reduce 35


state 144
	type_name : type_name FIELD .  (36)
	expr : FIELD . LBRACE type_name expr expr expr expr expr expr expr RBRACE  (59)

	LBRACE  shift 75
	LPAREN  reduce 36
	LBRACKET  reduce 36
	MINUS  reduce 36
	STAR  reduce 36
	ARROW  reduce 36
	NOT  reduce 36
	GROUP  reduce 36
	RING  reduce 36
	FIELD  reduce 36
	POLY  reduce 36
	LET  reduce 36
	IF  reduce 36
	LIST  reduce 36
	PRINT  reduce 36
	FUNCTION  reduce 36
	LITERAL  reduce 36
	BLIT  reduce 36
	NAME  reduce 36
	ADTNAME  reduce 36
	FLIT  reduce 36
	STRINGLIT  reduce 36


state 145
	expr : expr . binop expr  (51)
	expr : expr . expr  (55)
	expr : GROUP LBRACE type_name expr . expr expr expr RBRACE  (57)

	LPAREN  shift 33
	LBRACE  shift 34
	LBRACKET  shift 35
	PLUS  shift 84
	MINUS  shift 85
	STAR  shift 86
	DIVIDE  shift 87
	EQ  shift 88
	NEQ  shift 89
	LT  shift 90
	LEQ  shift 91
	GT  shift 92
	GEQ  shift 93
	AND  shift 94
	OR  shift 95
	NOT  shift 37
	CONS  shift 96
	GROUP  shift 38
	RING  shift 39
	FIELD  shift 40
	LET  shift 41
	IF  shift 42
	PRINT  shift 43
	FUNCTION  shift 44
	LITERAL  shift 45
	BLIT  shift 46
	NAME  shift 47
	ADTNAME  shift 48
	FLIT  shift 49
	STRINGLIT  shift 50
	.  error

	lexpr  goto 51
	expr  goto 157
	binop  goto 98
	target_conc  goto 53


state 146
	expr : expr . binop expr  (51)
	expr : expr . expr  (55)
	expr : RING LBRACE type_name expr . expr expr expr expr expr RBRACE  (58)

	LPAREN  shift 33
	LBRACE  shift 34
	LBRACKET  shift 35
	PLUS  shift 84
	MINUS  shift 85
	STAR  shift 86
	DIVIDE  shift 87
	EQ  shift 88
	NEQ  shift 89
	LT  shift 90
	LEQ  shift 91
	GT  shift 92
	GEQ  shift 93
	AND  shift 94
	OR  shift 95
	NOT  shift 37
	CONS  shift 96
	GROUP  shift 38
	RING  shift 39
	FIELD  shift 40
	LET  shift 41
	IF  shift 42
	PRINT  shift 43
	FUNCTION  shift 44
	LITERAL  shift 45
	BLIT  shift 46
	NAME  shift 47
	ADTNAME  shift 48
	FLIT  shift 49
	STRINGLIT  shift 50
	.  error

	lexpr  goto 51
	expr  goto 158
	binop  goto 98
	target_conc  goto 53


state 147
	expr : expr . binop expr  (51)
	expr : expr . expr  (55)
	expr : FIELD LBRACE type_name expr . expr expr expr expr expr expr RBRACE  (59)

	LPAREN  shift 33
	LBRACE  shift 34
	LBRACKET  shift 35
	PLUS  shift 84
	MINUS  shift 85
	STAR  shift 86
	DIVIDE  shift 87
	EQ  shift 88
	NEQ  shift 89
	LT  shift 90
	LEQ  shift 91
	GT  shift 92
	GEQ  shift 93
	AND  shift 94
	OR  shift 95
	NOT  shift 37
	CONS  shift 96
	GROUP  shift 38
	RING  shift 39
	FIELD  shift 40
	LET  shift 41
	IF  shift 42
	PRINT  shift 43
	FUNCTION  shift 44
	LITERAL  shift 45
	BLIT  shift 46
	NAME  shift 47
	ADTNAME  shift 48
	FLIT  shift 49
	STRINGLIT  shift 50
	.  error

	lexpr  goto 51
	expr  goto 159
	binop  goto 98
	target_conc  goto 53


state 148
	expr : expr . binop expr  (51)
	expr : expr . expr  (55)
	expr : IF expr THEN expr . ELSE expr END  (56)

	LPAREN  shift 33
	LBRACE  shift 34
	LBRACKET  shift 35
	PLUS  shift 84
	MINUS  shift 85
	STAR  shift 86
	DIVIDE  shift 87
	EQ  shift 88
	NEQ  shift 89
	LT  shift 90
	LEQ  shift 91
	GT  shift 92
	GEQ  shift 93
	AND  shift 94
	OR  shift 95
	NOT  shift 37
	CONS  shift 96
	GROUP  shift 38
	RING  shift 39
	FIELD  shift 40
	LET  shift 41
	IF  shift 42
	ELSE  shift 160
	PRINT  shift 43
	FUNCTION  shift 44
	LITERAL  shift 45
	BLIT  shift 46
	NAME  shift 47
	ADTNAME  shift 48
	FLIT  shift 49
	STRINGLIT  shift 50
	.  error

	lexpr  goto 51
	expr  goto 97
	binop  goto 98
	target_conc  goto 53


state 149
	formals : LPAREN formals_opt RPAREN .  (67)

	.  reduce 67


state 150
	formal_list : formal_list NAME .  (71)

	.  reduce 71


state 151
	fn_def : formals MATCH formals . WITH match_rule END  (66)

	WITH  shift 161
	.  error


state 152
	target_conc : ADTNAME LPAREN expr RPAREN .  (91)

	.  reduce 91


state 153
	target_conc : ADTNAME LPAREN target_conc RPAREN .  (90)

	.  reduce 90


state 154
	struct_decl_body : NAME COLON type_name .  (24)
	struct_decl_body : NAME COLON type_name . COMMA struct_decl_body  (25)
	type_name : type_name . LIST  (31)
	type_name : type_name . STAR type_name  (32)
	type_name : type_name . ARROW type_name  (33)
	type_name : type_name . GROUP  (34)
	type_name : type_name . RING  (35)
	type_name : type_name . FIELD  (36)
	type_name : type_name . POLY  (37)

	COMMA  shift 162
	STAR  shift 19
	ARROW  shift 20
	GROUP  shift 21
	RING  shift 22
	FIELD  shift 23
	POLY  shift 24
	LIST  shift 25
	RBRACE  reduce 24


state 155
	expr : LPAREN expr COMMA expr RPAREN .  (48)

	.  reduce 48


state 156
	struct_init_body : NAME ASSIGN expr COMMA . struct_init_body  (93)

	NAME  shift 67
	.  error

	struct_init_body  goto 163


state 157
	expr : expr . binop expr  (51)
	expr : expr . expr  (55)
	expr : expr expr .  (55)
	expr : GROUP LBRACE type_name expr expr . expr expr RBRACE  (57)

	LPAREN  shift 33
	LBRACE  shift 34
	LBRACKET  shift 35
	NOT  shift 37
	PLUS  reduce 55
	MINUS  reduce 55
	STAR  reduce 55
	DIVIDE  reduce 55
	EQ  reduce 55
	NEQ  reduce 55
	LT  reduce 55
	LEQ  reduce 55
	GT  reduce 55
	GEQ  reduce 55
	AND  reduce 55
	OR  reduce 55
	CONS  reduce 55
	GROUP  reduce 55
	RING  reduce 55
	FIELD  reduce 55
	LET  reduce 55
	IF  reduce 55
	PRINT  reduce 55
	FUNCTION  reduce 55
	LITERAL  reduce 55
	BLIT  reduce 55
	NAME  reduce 55
	ADTNAME  reduce 55
	FLIT  reduce 55
	STRINGLIT  reduce 55

	lexpr  goto 51
	expr  goto 164
	binop  goto 98
	target_conc  goto 53


state 158
	expr : expr . binop expr  (51)
	expr : expr . expr  (55)
	expr : expr expr .  (55)
	expr : RING LBRACE type_name expr expr . expr expr expr expr RBRACE  (58)

	LPAREN  shift 33
	LBRACE  shift 34
	LBRACKET  shift 35
	NOT  shift 37
	PLUS  reduce 55
	MINUS  reduce 55
	STAR  reduce 55
	DIVIDE  reduce 55
	EQ  reduce 55
	NEQ  reduce 55
	LT  reduce 55
	LEQ  reduce 55
	GT  reduce 55
	GEQ  reduce 55
	AND  reduce 55
	OR  reduce 55
	CONS  reduce 55
	GROUP  reduce 55
	RING  reduce 55
	FIELD  reduce 55
	LET  reduce 55
	IF  reduce 55
	PRINT  reduce 55
	FUNCTION  reduce 55
	LITERAL  reduce 55
	BLIT  reduce 55
	NAME  reduce 55
	ADTNAME  reduce 55
	FLIT  reduce 55
	STRINGLIT  reduce 55

	lexpr  goto 51
	expr  goto 165
	binop  goto 98
	target_conc  goto 53


state 159
	expr : expr . binop expr  (51)
	expr : expr . expr  (55)
	expr : expr expr .  (55)
	expr : FIELD LBRACE type_name expr expr . expr expr expr expr expr RBRACE  (59)

	LPAREN  shift 33
	LBRACE  shift 34
	LBRACKET  shift 35
	NOT  shift 37
	PLUS  reduce 55
	MINUS  reduce 55
	STAR  reduce 55
	DIVIDE  reduce 55
	EQ  reduce 55
	NEQ  reduce 55
	LT  reduce 55
	LEQ  reduce 55
	GT  reduce 55
	GEQ  reduce 55
	AND  reduce 55
	OR  reduce 55
	CONS  reduce 55
	GROUP  reduce 55
	RING  reduce 55
	FIELD  reduce 55
	LET  reduce 55
	IF  reduce 55
	PRINT  reduce 55
	FUNCTION  reduce 55
	LITERAL  reduce 55
	BLIT  reduce 55
	NAME  reduce 55
	ADTNAME  reduce 55
	FLIT  reduce 55
	STRINGLIT  reduce 55

	lexpr  goto 51
	expr  goto 166
	binop  goto 98
	target_conc  goto 53


state 160
	expr : IF expr THEN expr ELSE . expr END  (56)

	LPAREN  shift 33
	LBRACE  shift 34
	LBRACKET  shift 35
	MINUS  shift 36
	NOT  shift 37
	GROUP  shift 38
	RING  shift 39
	FIELD  shift 40
	LET  shift 41
	IF  shift 42
	PRINT  shift 43
	FUNCTION  shift 44
	LITERAL  shift 45
	BLIT  shift 46
	NAME  shift 47
	ADTNAME  shift 48
	FLIT  shift 49
	STRINGLIT  shift 50
	.  error

	lexpr  goto 51
	expr  goto 167
	target_conc  goto 53


state 161
	fn_def : formals MATCH formals WITH . match_rule END  (66)

	BAR  shift 168
	.  error

	match_rule  goto 169
	match_line  goto 170


state 162
	struct_decl_body : NAME COLON type_name COMMA . struct_decl_body  (25)

	NAME  shift 100
	.  error

	struct_decl_body  goto 171


state 163
	struct_init_body : NAME ASSIGN expr COMMA struct_init_body .  (93)

	.  reduce 93


state 164
	expr : expr . binop expr  (51)
	expr : expr . expr  (55)
	expr : expr expr .  (55)
	expr : GROUP LBRACE type_name expr expr expr . expr RBRACE  (57)

	LPAREN  shift 33
	LBRACE  shift 34
	LBRACKET  shift 35
	NOT  shift 37
	PLUS  reduce 55
	MINUS  reduce 55
	STAR  reduce 55
	DIVIDE  reduce 55
	EQ  reduce 55
	NEQ  reduce 55
	LT  reduce 55
	LEQ  reduce 55
	GT  reduce 55
	GEQ  reduce 55
	AND  reduce 55
	OR  reduce 55
	CONS  reduce 55
	GROUP  reduce 55
	RING  reduce 55
	FIELD  reduce 55
	LET  reduce 55
	IF  reduce 55
	PRINT  reduce 55
	FUNCTION  reduce 55
	LITERAL  reduce 55
	BLIT  reduce 55
	NAME  reduce 55
	ADTNAME  reduce 55
	FLIT  reduce 55
	STRINGLIT  reduce 55

	lexpr  goto 51
	expr  goto 172
	binop  goto 98
	target_conc  goto 53


state 165
	expr : expr . binop expr  (51)
	expr : expr . expr  (55)
	expr : expr expr .  (55)
	expr : RING LBRACE type_name expr expr expr . expr expr expr RBRACE  (58)

	LPAREN  shift 33
	LBRACE  shift 34
	LBRACKET  shift 35
	NOT  shift 37
	PLUS  reduce 55
	MINUS  reduce 55
	STAR  reduce 55
	DIVIDE  reduce 55
	EQ  reduce 55
	NEQ  reduce 55
	LT  reduce 55
	LEQ  reduce 55
	GT  reduce 55
	GEQ  reduce 55
	AND  reduce 55
	OR  reduce 55
	CONS  reduce 55
	GROUP  reduce 55
	RING  reduce 55
	FIELD  reduce 55
	LET  reduce 55
	IF  reduce 55
	PRINT  reduce 55
	FUNCTION  reduce 55
	LITERAL  reduce 55
	BLIT  reduce 55
	NAME  reduce 55
	ADTNAME  reduce 55
	FLIT  reduce 55
	STRINGLIT  reduce 55

	lexpr  goto 51
	expr  goto 173
	binop  goto 98
	target_conc  goto 53


state 166
	expr : expr . binop expr  (51)
	expr : expr . expr  (55)
	expr : expr expr .  (55)
	expr : FIELD LBRACE type_name expr expr expr . expr expr expr expr RBRACE  (59)

	LPAREN  shift 33
	LBRACE  shift 34
	LBRACKET  shift 35
	NOT  shift 37
	PLUS  reduce 55
	MINUS  reduce 55
	STAR  reduce 55
	DIVIDE  reduce 55
	EQ  reduce 55
	NEQ  reduce 55
	LT  reduce 55
	LEQ  reduce 55
	GT  reduce 55
	GEQ  reduce 55
	AND  reduce 55
	OR  reduce 55
	CONS  reduce 55
	GROUP  reduce 55
	RING  reduce 55
	FIELD  reduce 55
	LET  reduce 55
	IF  reduce 55
	PRINT  reduce 55
	FUNCTION  reduce 55
	LITERAL  reduce 55
	BLIT  reduce 55
	NAME  reduce 55
	ADTNAME  reduce 55
	FLIT  reduce 55
	STRINGLIT  reduce 55

	lexpr  goto 51
	expr  goto 174
	binop  goto 98
	target_conc  goto 53


state 167
	expr : expr . binop expr  (51)
	expr : expr . expr  (55)
	expr : IF expr THEN expr ELSE expr . END  (56)

	LPAREN  shift 33
	LBRACE  shift 34
	LBRACKET  shift 35
	PLUS  shift 84
	MINUS  shift 85
	STAR  shift 86
	DIVIDE  shift 87
	EQ  shift 88
	NEQ  shift 89
	LT  shift 90
	LEQ  shift 91
	GT  shift 92
	GEQ  shift 93
	AND  shift 94
	OR  shift 95
	NOT  shift 37
	CONS  shift 96
	GROUP  shift 38
	RING  shift 39
	FIELD  shift 40
	LET  shift 41
	IF  shift 42
	PRINT  shift 43
	FUNCTION  shift 44
	END  shift 175
	LITERAL  shift 45
	BLIT  shift 46
	NAME  shift 47
	ADTNAME  shift 48
	FLIT  shift 49
	STRINGLIT  shift 50
	.  error

	lexpr  goto 51
	expr  goto 97
	binop  goto 98
	target_conc  goto 53


state 168
	match_line : BAR . LPAREN pattern RPAREN ARROW expr  (74)

	LPAREN  shift 176
	.  error


state 169
	fn_def : formals MATCH formals WITH match_rule . END  (66)

	END  shift 177
	.  error


state 170
	match_rule : match_line .  (72)
	match_rule : match_line . match_rule  (73)

	BAR  shift 168
	END  reduce 72

	match_rule  goto 178
	match_line  goto 170


state 171
	struct_decl_body : NAME COLON type_name COMMA struct_decl_body .  (25)

	.  reduce 25


state 172
	expr : expr . binop expr  (51)
	expr : expr . expr  (55)
	expr : expr expr .  (55)
	expr : GROUP LBRACE type_name expr expr expr expr . RBRACE  (57)

	LPAREN  shift 33
	LBRACE  shift 34
	RBRACE  shift 179
	LBRACKET  shift 35
	NOT  shift 37
	PLUS  reduce 55
	MINUS  reduce 55
	STAR  reduce 55
	DIVIDE  reduce 55
	EQ  reduce 55
	NEQ  reduce 55
	LT  reduce 55
	LEQ  reduce 55
	GT  reduce 55
	GEQ  reduce 55
	AND  reduce 55
	OR  reduce 55
	CONS  reduce 55
	GROUP  reduce 55
	RING  reduce 55
	FIELD  reduce 55
	LET  reduce 55
	IF  reduce 55
	PRINT  reduce 55
	FUNCTION  reduce 55
	LITERAL  reduce 55
	BLIT  reduce 55
	NAME  reduce 55
	ADTNAME  reduce 55
	FLIT  reduce 55
	STRINGLIT  reduce 55

	lexpr  goto 51
	expr  goto 97
	binop  goto 98
	target_conc  goto 53


state 173
	expr : expr . binop expr  (51)
	expr : expr . expr  (55)
	expr : expr expr .  (55)
	expr : RING LBRACE type_name expr expr expr expr . expr expr RBRACE  (58)

	LPAREN  shift 33
	LBRACE  shift 34
	LBRACKET  shift 35
	NOT  shift 37
	PLUS  reduce 55
	MINUS  reduce 55
	STAR  reduce 55
	DIVIDE  reduce 55
	EQ  reduce 55
	NEQ  reduce 55
	LT  reduce 55
	LEQ  reduce 55
	GT  reduce 55
	GEQ  reduce 55
	AND  reduce 55
	OR  reduce 55
	CONS  reduce 55
	GROUP  reduce 55
	RING  reduce 55
	FIELD  reduce 55
	LET  reduce 55
	IF  reduce 55
	PRINT  reduce 55
	FUNCTION  reduce 55
	LITERAL  reduce 55
	BLIT  reduce 55
	NAME  reduce 55
	ADTNAME  reduce 55
	FLIT  reduce 55
	STRINGLIT  reduce 55

	lexpr  goto 51
	expr  goto 180
	binop  goto 98
	target_conc  goto 53


state 174
	expr : expr . binop expr  (51)
	expr : expr . expr  (55)
	expr : expr expr .  (55)
	expr : FIELD LBRACE type_name expr expr expr expr . expr expr expr RBRACE  (59)

	LPAREN  shift 33
	LBRACE  shift 34
	LBRACKET  shift 35
	NOT  shift 37
	PLUS  reduce 55
	MINUS  reduce 55
	STAR  reduce 55
	DIVIDE  reduce 55
	EQ  reduce 55
	NEQ  reduce 55
	LT  reduce 55
	LEQ  reduce 55
	GT  reduce 55
	GEQ  reduce 55
	AND  reduce 55
	OR  reduce 55
	CONS  reduce 55
	GROUP  reduce 55
	RING  reduce 55
	FIELD  reduce 55
	LET  reduce 55
	IF  reduce 55
	PRINT  reduce 55
	FUNCTION  reduce 55
	LITERAL  reduce 55
	BLIT  reduce 55
	NAME  reduce 55
	ADTNAME  reduce 55
	FLIT  reduce 55
	STRINGLIT  reduce 55

	lexpr  goto 51
	expr  goto 181
	binop  goto 98
	target_conc  goto 53


state 175
	expr : IF expr THEN expr ELSE expr END .  (56)

	.  reduce 56


state 176
	match_line : BAR LPAREN . pattern RPAREN ARROW expr  (74)

	LPAREN  shift 182
	LBRACKET  shift 183
	UNDERSCORE  shift 184
	LITERAL  shift 185
	BLIT  shift 186
	ADTNAME  shift 187
	FLIT  shift 188
	STRINGLIT  shift 189
	.  error

	pattern  goto 190
	target_wild  goto 191
	literal  goto 192


state 177
	fn_def : formals MATCH formals WITH match_rule END .  (66)

	.  reduce 66


state 178
	match_rule : match_line match_rule .  (73)

	.  reduce 73


state 179
	expr : GROUP LBRACE type_name expr expr expr expr RBRACE .  (57)

	.  reduce 57


state 180
	expr : expr . binop expr  (51)
	expr : expr . expr  (55)
	expr : expr expr .  (55)
	expr : RING LBRACE type_name expr expr expr expr expr . expr RBRACE  (58)

	LPAREN  shift 33
	LBRACE  shift 34
	LBRACKET  shift 35
	NOT  shift 37
	PLUS  reduce 55
	MINUS  reduce 55
	STAR  reduce 55
	DIVIDE  reduce 55
	EQ  reduce 55
	NEQ  reduce 55
	LT  reduce 55
	LEQ  reduce 55
	GT  reduce 55
	GEQ  reduce 55
	AND  reduce 55
	OR  reduce 55
	CONS  reduce 55
	GROUP  reduce 55
	RING  reduce 55
	FIELD  reduce 55
	LET  reduce 55
	IF  reduce 55
	PRINT  reduce 55
	FUNCTION  reduce 55
	LITERAL  reduce 55
	BLIT  reduce 55
	NAME  reduce 55
	ADTNAME  reduce 55
	FLIT  reduce 55
	STRINGLIT  reduce 55

	lexpr  goto 51
	expr  goto 193
	binop  goto 98
	target_conc  goto 53


state 181
	expr : expr . binop expr  (51)
	expr : expr . expr  (55)
	expr : expr expr .  (55)
	expr : FIELD LBRACE type_name expr expr expr expr expr . expr expr RBRACE  (59)

	LPAREN  shift 33
	LBRACE  shift 34
	LBRACKET  shift 35
	NOT  shift 37
	PLUS  reduce 55
	MINUS  reduce 55
	STAR  reduce 55
	DIVIDE  reduce 55
	EQ  reduce 55
	NEQ  reduce 55
	LT  reduce 55
	LEQ  reduce 55
	GT  reduce 55
	GEQ  reduce 55
	AND  reduce 55
	OR  reduce 55
	CONS  reduce 55
	GROUP  reduce 55
	RING  reduce 55
	FIELD  reduce 55
	LET  reduce 55
	IF  reduce 55
	PRINT  reduce 55
	FUNCTION  reduce 55
	LITERAL  reduce 55
	BLIT  reduce 55
	NAME  reduce 55
	ADTNAME  reduce 55
	FLIT  reduce 55
	STRINGLIT  reduce 55

	lexpr  goto 51
	expr  goto 194
	binop  goto 98
	target_conc  goto 53


state 182
	literal : LPAREN . literal COMMA literal RPAREN  (85)

	LPAREN  shift 182
	LBRACKET  shift 183
	LITERAL  shift 185
	BLIT  shift 186
	FLIT  shift 188
	STRINGLIT  shift 189
	.  error

	literal  goto 195


state 183
	literal : LBRACKET . inside_lit_list RBRACKET  (86)
	inside_lit_list : .  (87)

	LPAREN  shift 182
	LBRACKET  shift 183
	LITERAL  shift 185
	BLIT  shift 186
	FLIT  shift 188
	STRINGLIT  shift 189
	RBRACKET  reduce 87

	literal  goto 196
	inside_lit_list  goto 197


state 184
	target_wild : UNDERSCORE .  (80)

	.  reduce 80


state 185
	literal : LITERAL .  (81)

	.  reduce 81


state 186
	literal : BLIT .  (83)

	.  reduce 83


state 187
	target_wild : ADTNAME .  (77)
	target_wild : ADTNAME . LPAREN target_wild RPAREN  (79)

	LPAREN  shift 198
	RPAREN  reduce 77
	COMMA  reduce 77


state 188
	literal : FLIT .  (82)

	.  reduce 82


state 189
	literal : STRINGLIT .  (84)

	.  reduce 84


state 190
	match_line : BAR LPAREN pattern . RPAREN ARROW expr  (74)

	RPAREN  shift 199
	.  error


state 191
	pattern : target_wild .  (75)
	pattern : target_wild . COMMA pattern  (76)

	COMMA  shift 200
	RPAREN  reduce 75


state 192
	target_wild : literal .  (78)

	.  reduce 78


state 193
	expr : expr . binop expr  (51)
	expr : expr . expr  (55)
	expr : expr expr .  (55)
	expr : RING LBRACE type_name expr expr expr expr expr expr . RBRACE  (58)

	LPAREN  shift 33
	LBRACE  shift 34
	RBRACE  shift 201
	LBRACKET  shift 35
	NOT  shift 37
	PLUS  reduce 55
	MINUS  reduce 55
	STAR  reduce 55
	DIVIDE  reduce 55
	EQ  reduce 55
	NEQ  reduce 55
	LT  reduce 55
	LEQ  reduce 55
	GT  reduce 55
	GEQ  reduce 55
	AND  reduce 55
	OR  reduce 55
	CONS  reduce 55
	GROUP  reduce 55
	RING  reduce 55
	FIELD  reduce 55
	LET  reduce 55
	IF  reduce 55
	PRINT  reduce 55
	FUNCTION  reduce 55
	LITERAL  reduce 55
	BLIT  reduce 55
	NAME  reduce 55
	ADTNAME  reduce 55
	FLIT  reduce 55
	STRINGLIT  reduce 55

	lexpr  goto 51
	expr  goto 97
	binop  goto 98
	target_conc  goto 53


state 194
	expr : expr . binop expr  (51)
	expr : expr . expr  (55)
	expr : expr expr .  (55)
	expr : FIELD LBRACE type_name expr expr expr expr expr expr . expr RBRACE  (59)

	LPAREN  shift 33
	LBRACE  shift 34
	LBRACKET  shift 35
	NOT  shift 37
	PLUS  reduce 55
	MINUS  reduce 55
	STAR  reduce 55
	DIVIDE  reduce 55
	EQ  reduce 55
	NEQ  reduce 55
	LT  reduce 55
	LEQ  reduce 55
	GT  reduce 55
	GEQ  reduce 55
	AND  reduce 55
	OR  reduce 55
	CONS  reduce 55
	GROUP  reduce 55
	RING  reduce 55
	FIELD  reduce 55
	LET  reduce 55
	IF  reduce 55
	PRINT  reduce 55
	FUNCTION  reduce 55
	LITERAL  reduce 55
	BLIT  reduce 55
	NAME  reduce 55
	ADTNAME  reduce 55
	FLIT  reduce 55
	STRINGLIT  reduce 55

	lexpr  goto 51
	expr  goto 202
	binop  goto 98
	target_conc  goto 53


state 195
	literal : LPAREN literal . COMMA literal RPAREN  (85)

	COMMA  shift 203
	.  error


state 196
	inside_lit_list : literal . COMMA inside_lit_list  (88)

	COMMA  shift 204
	.  error


state 197
	literal : LBRACKET inside_lit_list . RBRACKET  (86)

	RBRACKET  shift 205
	.  error


state 198
	target_wild : ADTNAME LPAREN . target_wild RPAREN  (79)

	LPAREN  shift 182
	LBRACKET  shift 183
	UNDERSCORE  shift 184
	LITERAL  shift 185
	BLIT  shift 186
	ADTNAME  shift 187
	FLIT  shift 188
	STRINGLIT  shift 189
	.  error

	target_wild  goto 206
	literal  goto 192


state 199
	match_line : BAR LPAREN pattern RPAREN . ARROW expr  (74)

	ARROW  shift 207
	.  error


state 200
	pattern : target_wild COMMA . pattern  (76)

	LPAREN  shift 182
	LBRACKET  shift 183
	UNDERSCORE  shift 184
	LITERAL  shift 185
	BLIT  shift 186
	ADTNAME  shift 187
	FLIT  shift 188
	STRINGLIT  shift 189
	.  error

	pattern  goto 208
	target_wild  goto 191
	literal  goto 192


state 201
	expr : RING LBRACE type_name expr expr expr expr expr expr RBRACE .  (58)

	.  reduce 58


state 202
	expr : expr . binop expr  (51)
	expr : expr . expr  (55)
	expr : expr expr .  (55)
	expr : FIELD LBRACE type_name expr expr expr expr expr expr expr . RBRACE  (59)

	LPAREN  shift 33
	LBRACE  shift 34
	RBRACE  shift 209
	LBRACKET  shift 35
	NOT  shift 37
	PLUS  reduce 55
	MINUS  reduce 55
	STAR  reduce 55
	DIVIDE  reduce 55
	EQ  reduce 55
	NEQ  reduce 55
	LT  reduce 55
	LEQ  reduce 55
	GT  reduce 55
	GEQ  reduce 55
	AND  reduce 55
	OR  reduce 55
	CONS  reduce 55
	GROUP  reduce 55
	RING  reduce 55
	FIELD  reduce 55
	LET  reduce 55
	IF  reduce 55
	PRINT  reduce 55
	FUNCTION  reduce 55
	LITERAL  reduce 55
	BLIT  reduce 55
	NAME  reduce 55
	ADTNAME  reduce 55
	FLIT  reduce 55
	STRINGLIT  reduce 55

	lexpr  goto 51
	expr  goto 97
	binop  goto 98
	target_conc  goto 53


state 203
	literal : LPAREN literal COMMA . literal RPAREN  (85)

	LPAREN  shift 182
	LBRACKET  shift 183
	LITERAL  shift 185
	BLIT  shift 186
	FLIT  shift 188
	STRINGLIT  shift 189
	.  error

	literal  goto 210


state 204
	inside_lit_list : literal COMMA . inside_lit_list  (88)
	inside_lit_list : .  (87)

	LPAREN  shift 182
	LBRACKET  shift 183
	LITERAL  shift 185
	BLIT  shift 186
	FLIT  shift 188
	STRINGLIT  shift 189
	RBRACKET  reduce 87

	literal  goto 196
	inside_lit_list  goto 211


state 205
	literal : LBRACKET inside_lit_list RBRACKET .  (86)

	.  reduce 86


state 206
	target_wild : ADTNAME LPAREN target_wild . RPAREN  (79)

	RPAREN  shift 212
	.  error


state 207
	match_line : BAR LPAREN pattern RPAREN ARROW . expr  (74)

	LPAREN  shift 33
	LBRACE  shift 34
	LBRACKET  shift 35
	MINUS  shift 36
	NOT  shift 37
	GROUP  shift 38
	RING  shift 39
	FIELD  shift 40
	LET  shift 41
	IF  shift 42
	PRINT  shift 43
	FUNCTION  shift 44
	LITERAL  shift 45
	BLIT  shift 46
	NAME  shift 47
	ADTNAME  shift 48
	FLIT  shift 49
	STRINGLIT  shift 50
	.  error

	lexpr  goto 51
	expr  goto 213
	target_conc  goto 53


state 208
	pattern : target_wild COMMA pattern .  (76)

	.  reduce 76


state 209
	expr : FIELD LBRACE type_name expr expr expr expr expr expr expr RBRACE .  (59)

	.  reduce 59


state 210
	literal : LPAREN literal COMMA literal . RPAREN  (85)

	RPAREN  shift 214
	.  error


state 211
	inside_lit_list : literal COMMA inside_lit_list .  (88)

	.  reduce 88


state 212
	target_wild : ADTNAME LPAREN target_wild RPAREN .  (79)

	.  reduce 79


state 213
	expr : expr . binop expr  (51)
	expr : expr . expr  (55)
	match_line : BAR LPAREN pattern RPAREN ARROW expr .  (74)

	LPAREN  shift 33
	LBRACE  shift 34
	LBRACKET  shift 35
	PLUS  shift 84
	MINUS  shift 85
	STAR  shift 86
	DIVIDE  shift 87
	EQ  shift 88
	NEQ  shift 89
	LT  shift 90
	LEQ  shift 91
	GT  shift 92
	GEQ  shift 93
	AND  shift 94
	OR  shift 95
	NOT  shift 37
	CONS  shift 96
	GROUP  shift 38
	RING  shift 39
	FIELD  shift 40
	LET  shift 41
	IF  shift 42
	PRINT  shift 43
	FUNCTION  shift 44
	LITERAL  shift 45
	BLIT  shift 46
	NAME  shift 47
	ADTNAME  shift 48
	FLIT  shift 49
	STRINGLIT  shift 50
	BAR  reduce 74
	END  reduce 74

	lexpr  goto 51
	expr  goto 97
	binop  goto 98
	target_conc  goto 53


state 214
	literal : LPAREN literal COMMA literal RPAREN .  (85)

	.  reduce 85


61 terminals, 28 nonterminals
110 grammar rules, 215 states
